{"C:\\Projects\\rhf-demo\\src\\main.tsx": {"path":"C:\\Projects\\rhf-demo\\src\\main.tsx","statementMap":{"0":{"start":{"line":1,"column":0},"end":{"line":1,"column":40}},"1":{"start":{"line":2,"column":0},"end":{"line":2,"column":39}},"2":{"start":{"line":3,"column":0},"end":{"line":3,"column":43}},"3":{"start":{"line":4,"column":0},"end":{"line":4,"column":35}},"4":{"start":{"line":6,"column":0},"end":{"line":10,"column":2}}},"fnMap":{},"branchMap":{},"s":{"0":0,"1":0,"2":0,"3":0,"4":0},"f":{},"b":{}}
,"C:\\Projects\\rhf-demo\\src\\actions\\index.ts": {"path":"C:\\Projects\\rhf-demo\\src\\actions\\index.ts","statementMap":{"0":{"start":{"line":2,"column":0},"end":{"line":2,"column":54}},"1":{"start":{"line":4,"column":27},"end":{"line":4,"column":52}},"2":{"start":{"line":4,"column":51},"end":{"line":7,"column":5}},"3":{"start":{"line":4,"column":13},"end":{"line":4,"column":27}},"4":{"start":{"line":9,"column":29},"end":{"line":9,"column":54}},"5":{"start":{"line":9,"column":53},"end":{"line":12,"column":5}},"6":{"start":{"line":9,"column":15},"end":{"line":9,"column":29}}},"fnMap":{"0":{"name":"(anonymous_0)","decl":{"start":{"line":4,"column":27},"end":{"line":4,"column":28}},"loc":{"start":{"line":4,"column":46},"end":{"line":4,"column":52}}},"1":{"name":"(anonymous_1)","decl":{"start":{"line":9,"column":29},"end":{"line":9,"column":30}},"loc":{"start":{"line":9,"column":48},"end":{"line":9,"column":54}}}},"branchMap":{},"s":{"0":3,"1":3,"2":1,"3":3,"4":3,"5":1,"6":3},"f":{"0":1,"1":1},"b":{}}
,"C:\\Projects\\rhf-demo\\src\\actions\\type.ts": {"path":"C:\\Projects\\rhf-demo\\src\\actions\\type.ts","statementMap":{"0":{"start":{"line":1,"column":13},"end":{"line":1,"column":45}},"1":{"start":{"line":2,"column":13},"end":{"line":2,"column":45}}},"fnMap":{},"branchMap":{},"s":{"0":5,"1":5},"f":{},"b":{}}
,"C:\\Projects\\rhf-demo\\src\\components\\App.tsx": {"path":"C:\\Projects\\rhf-demo\\src\\components\\App.tsx","statementMap":{"0":{"start":{"line":1,"column":0},"end":{"line":1,"column":74}},"1":{"start":{"line":2,"column":0},"end":{"line":2,"column":31}},"2":{"start":{"line":3,"column":0},"end":{"line":3,"column":43}},"3":{"start":{"line":4,"column":0},"end":{"line":4,"column":19}},"4":{"start":{"line":7,"column":2},"end":{"line":14,"column":4}},"5":{"start":{"line":17,"column":0},"end":{"line":17,"column":19}}},"fnMap":{"0":{"name":"App","decl":{"start":{"line":6,"column":9},"end":{"line":6,"column":12}},"loc":{"start":{"line":6,"column":12},"end":{"line":15,"column":1}}}},"branchMap":{},"s":{"0":2,"1":2,"2":2,"3":2,"4":4,"5":2},"f":{"0":4},"b":{}}
,"C:\\Projects\\rhf-demo\\src\\components\\Form\\Form.tsx": {"path":"C:\\Projects\\rhf-demo\\src\\components\\Form\\Form.tsx","statementMap":{"0":{"start":{"line":2,"column":0},"end":{"line":2,"column":42}},"1":{"start":{"line":3,"column":0},"end":{"line":3,"column":null}},"2":{"start":{"line":9,"column":0},"end":{"line":9,"column":45}},"3":{"start":{"line":11,"column":0},"end":{"line":11,"column":57}},"4":{"start":{"line":12,"column":0},"end":{"line":12,"column":42}},"5":{"start":{"line":13,"column":0},"end":{"line":13,"column":47}},"6":{"start":{"line":14,"column":0},"end":{"line":14,"column":20}},"7":{"start":{"line":16,"column":23},"end":{"line":101,"column":1}},"8":{"start":{"line":17,"column":19},"end":{"line":17,"column":32}},"9":{"start":{"line":18,"column":19},"end":{"line":18,"column":32}},"10":{"start":{"line":19,"column":15},"end":{"line":19,"column":35}},"11":{"start":{"line":20,"column":57},"end":{"line":20,"column":62}},"12":{"start":{"line":21,"column":21},"end":{"line":21,"column":31}},"13":{"start":{"line":22,"column":19},"end":{"line":25,"column":3}},"14":{"start":{"line":23,"column":4},"end":{"line":23,"column":32}},"15":{"start":{"line":24,"column":4},"end":{"line":24,"column":26}},"16":{"start":{"line":26,"column":2},"end":{"line":100,"column":4}},"17":{"start":{"line":56,"column":14},"end":{"line":63,"column":15}},"18":{"start":{"line":62,"column":16},"end":{"line":62,"column":35}},"19":{"start":{"line":68,"column":16},"end":{"line":68,"column":null}},"20":{"start":{"line":86,"column":14},"end":{"line":86,"column":null}},"21":{"start":{"line":103,"column":0},"end":{"line":103,"column":20}}},"fnMap":{"0":{"name":"(anonymous_2)","decl":{"start":{"line":16,"column":23},"end":{"line":16,"column":null}},"loc":{"start":{"line":16,"column":23},"end":{"line":101,"column":1}}},"1":{"name":"(anonymous_3)","decl":{"start":{"line":22,"column":19},"end":{"line":22,"column":20}},"loc":{"start":{"line":22,"column":35},"end":{"line":25,"column":3}}},"2":{"name":"(anonymous_4)","decl":{"start":{"line":55,"column":23},"end":{"line":55,"column":24}},"loc":{"start":{"line":55,"column":25},"end":{"line":64,"column":13}}},"3":{"name":"(anonymous_5)","decl":{"start":{"line":67,"column":24},"end":{"line":67,"column":25}},"loc":{"start":{"line":67,"column":35},"end":{"line":68,"column":17}}},"4":{"name":"(anonymous_6)","decl":{"start":{"line":85,"column":22},"end":{"line":85,"column":23}},"loc":{"start":{"line":85,"column":36},"end":{"line":86,"column":22}}}},"branchMap":{"0":{"loc":{"start":{"line":45,"column":30},"end":{"line":45,"column":55}},"type":"cond-expr","locations":[{"start":{"line":45,"column":46},"end":{"line":45,"column":48}},{"start":{"line":45,"column":46},"end":{"line":45,"column":55}}]},"1":{"loc":{"start":{"line":45,"column":30},"end":{"line":45,"column":48}},"type":"binary-expr","locations":[{"start":{"line":45,"column":30},"end":{"line":45,"column":48}},{"start":{"line":45,"column":46},"end":{"line":45,"column":48}}]},"2":{"loc":{"start":{"line":56,"column":14},"end":{"line":63,"column":15}},"type":"if","locations":[{"start":{"line":56,"column":14},"end":{"line":63,"column":15}}]},"3":{"loc":{"start":{"line":57,"column":16},"end":{"line":60,"column":29}},"type":"binary-expr","locations":[{"start":{"line":57,"column":16},"end":{"line":57,"column":29}},{"start":{"line":58,"column":16},"end":{"line":58,"column":29}},{"start":{"line":59,"column":16},"end":{"line":59,"column":29}},{"start":{"line":60,"column":16},"end":{"line":60,"column":29}}]},"4":{"loc":{"start":{"line":68,"column":16},"end":{"line":68,"column":72}},"type":"binary-expr","locations":[{"start":{"line":68,"column":17},"end":{"line":68,"column":32}},{"start":{"line":68,"column":36},"end":{"line":68,"column":54}},{"start":{"line":68,"column":59},"end":{"line":68,"column":72}}]},"5":{"loc":{"start":{"line":73,"column":30},"end":{"line":73,"column":49}},"type":"cond-expr","locations":[{"start":{"line":73,"column":40},"end":{"line":73,"column":42}},{"start":{"line":73,"column":40},"end":{"line":73,"column":49}}]},"6":{"loc":{"start":{"line":73,"column":30},"end":{"line":73,"column":42}},"type":"binary-expr","locations":[{"start":{"line":73,"column":30},"end":{"line":73,"column":42}},{"start":{"line":73,"column":40},"end":{"line":73,"column":42}}]},"7":{"loc":{"start":{"line":90,"column":30},"end":{"line":90,"column":54}},"type":"cond-expr","locations":[{"start":{"line":90,"column":45},"end":{"line":90,"column":47}},{"start":{"line":90,"column":45},"end":{"line":90,"column":54}}]},"8":{"loc":{"start":{"line":90,"column":30},"end":{"line":90,"column":47}},"type":"binary-expr","locations":[{"start":{"line":90,"column":30},"end":{"line":90,"column":47}},{"start":{"line":90,"column":45},"end":{"line":90,"column":47}}]}},"s":{"0":2,"1":2,"2":2,"3":2,"4":2,"5":2,"6":2,"7":2,"8":4,"9":2,"10":2,"11":8,"12":2,"13":2,"14":0,"15":0,"16":2,"17":0,"18":0,"19":0,"20":0,"21":2},"f":{"0":4,"1":0,"2":0,"3":0,"4":0},"b":{"0":[2,0],"1":[2,2],"2":[0],"3":[0,0,0,0],"4":[0,0,0],"5":[2,0],"6":[2,2],"7":[2,0],"8":[2,2]}}
,"C:\\Projects\\rhf-demo\\src\\components\\Overview\\Overview.tsx": {"path":"C:\\Projects\\rhf-demo\\src\\components\\Overview\\Overview.tsx","statementMap":{"0":{"start":{"line":2,"column":0},"end":{"line":2,"column":42}},"1":{"start":{"line":3,"column":0},"end":{"line":3,"column":46}},"2":{"start":{"line":4,"column":0},"end":{"line":4,"column":70}},"3":{"start":{"line":5,"column":0},"end":{"line":5,"column":24}},"4":{"start":{"line":7,"column":27},"end":{"line":31,"column":1}},"5":{"start":{"line":8,"column":19},"end":{"line":8,"column":43}},"6":{"start":{"line":9,"column":2},"end":{"line":30,"column":4}},"7":{"start":{"line":33,"column":0},"end":{"line":33,"column":24}}},"fnMap":{"0":{"name":"(anonymous_0)","decl":{"start":{"line":7,"column":27},"end":{"line":7,"column":null}},"loc":{"start":{"line":7,"column":27},"end":{"line":31,"column":1}}}},"branchMap":{},"s":{"0":3,"1":3,"2":3,"3":3,"4":3,"5":2,"6":2,"7":3},"f":{"0":2},"b":{}}
,"C:\\Projects\\rhf-demo\\src\\reducers\\index.ts": {"path":"C:\\Projects\\rhf-demo\\src\\reducers\\index.ts","statementMap":{"0":{"start":{"line":2,"column":0},"end":{"line":2,"column":42}},"1":{"start":{"line":3,"column":0},"end":{"line":3,"column":63}},"2":{"start":{"line":6,"column":19},"end":{"line":26,"column":1}},"3":{"start":{"line":7,"column":2},"end":{"line":7,"column":null}},"4":{"start":{"line":10,"column":2},"end":{"line":25,"column":3}},"5":{"start":{"line":12,"column":6},"end":{"line":15,"column":null}},"6":{"start":{"line":18,"column":6},"end":{"line":20,"column":null}},"7":{"start":{"line":24,"column":6},"end":{"line":24,"column":19}},"8":{"start":{"line":28,"column":0},"end":{"line":28,"column":26}}},"fnMap":{"0":{"name":"(anonymous_3)","decl":{"start":{"line":6,"column":19},"end":{"line":6,"column":null}},"loc":{"start":{"line":8,"column":34},"end":{"line":26,"column":1}}}},"branchMap":{"0":{"loc":{"start":{"line":7,"column":2},"end":{"line":7,"column":null}},"type":"if","locations":[{"start":{"line":7,"column":2},"end":{"line":7,"column":null}}]},"1":{"loc":{"start":{"line":10,"column":2},"end":{"line":25,"column":3}},"type":"switch","locations":[{"start":{"line":11,"column":4},"end":{"line":15,"column":null}},{"start":{"line":17,"column":4},"end":{"line":20,"column":null}},{"start":{"line":23,"column":4},"end":{"line":24,"column":19}}]}},"s":{"0":4,"1":4,"2":4,"3":12,"4":6,"5":1,"6":1,"7":4,"8":4},"f":{"0":6},"b":{"0":[6],"1":[1,1,4]}}
,"C:\\Projects\\rhf-demo\\src\\reducers\\initialState.ts": {"path":"C:\\Projects\\rhf-demo\\src\\reducers\\initialState.ts","statementMap":{"0":{"start":{"line":3,"column":32},"end":{"line":7,"column":2}},"1":{"start":{"line":9,"column":0},"end":{"line":9,"column":28}}},"fnMap":{},"branchMap":{},"s":{"0":4,"1":4},"f":{},"b":{}}
,"C:\\Projects\\rhf-demo\\src\\selectors\\index.ts": {"path":"C:\\Projects\\rhf-demo\\src\\selectors\\index.ts","statementMap":{"0":{"start":{"line":3,"column":27},"end":{"line":9,"column":1}},"1":{"start":{"line":4,"column":2},"end":{"line":8,"column":4}},"2":{"start":{"line":3,"column":13},"end":{"line":3,"column":27}}},"fnMap":{"0":{"name":"(anonymous_0)","decl":{"start":{"line":3,"column":27},"end":{"line":3,"column":28}},"loc":{"start":{"line":3,"column":44},"end":{"line":9,"column":1}}}},"branchMap":{},"s":{"0":4,"1":1,"2":4},"f":{"0":1},"b":{}}
,"C:\\Projects\\rhf-demo\\src\\store\\configureStore.ts": {"path":"C:\\Projects\\rhf-demo\\src\\store\\configureStore.ts","statementMap":{"0":{"start":{"line":1,"column":0},"end":{"line":1,"column":50}},"1":{"start":{"line":2,"column":0},"end":{"line":2,"column":37}},"2":{"start":{"line":4,"column":14},"end":{"line":6,"column":2}},"3":{"start":{"line":8,"column":0},"end":{"line":8,"column":21}}},"fnMap":{},"branchMap":{},"s":{"0":3,"1":3,"2":3,"3":3},"f":{},"b":{}}
}
